<?xml version="1.0" encoding="UTF-8"?>
<!-- Generated by org.testng.reporters.JUnitReportReporter -->
<testsuite hostname="LT935-Ranjithas" failures="0" tests="1" name="testCase.TC003_ShppingAddressTestCase" time="29.100" errors="0" timestamp="2024-11-04T13:17:15 IST" skipped="0">
  <testcase classname="testCase.TC003_ShppingAddressTestCase" name="shippingValidation1" time="29.100"/>
</testsuite> <!-- testCase.TC003_ShppingAddressTestCase -->
