<?xml version="1.0" encoding="UTF-8"?>
<!-- Generated by org.testng.reporters.JUnitReportReporter -->
<testsuite hostname="LT935-Ranjithas" failures="0" tests="1" name="testCase.TC002_SearchTestCase" time="24.666" errors="0" timestamp="2024-11-02T16:52:07 IST" skipped="0">
  <testcase classname="testCase.TC002_SearchTestCase" name="searchValidation1" time="24.666"/>
</testsuite> <!-- testCase.TC002_SearchTestCase -->
