<?xml version="1.0" encoding="UTF-8"?>
<!-- Generated by org.testng.reporters.JUnitReportReporter -->
<testsuite hostname="LT935-Ranjithas" failures="0" tests="1" name="testCase.TC003_ShppingAddressTestCase" time="30.311" errors="0" timestamp="2024-11-03T22:22:29 IST" skipped="0">
  <testcase classname="testCase.TC003_ShppingAddressTestCase" name="shippingValidation1" time="30.311"/>
</testsuite> <!-- testCase.TC003_ShppingAddressTestCase -->
