<?xml version="1.0" encoding="UTF-8"?>
<!-- Generated by org.testng.reporters.JUnitReportReporter -->
<testsuite hostname="LT935-Ranjithas" failures="0" tests="4" name="testCase.TC001_Login" time="34.406" errors="0" timestamp="2024-11-05T14:41:20 IST" skipped="0">
  <testcase classname="testCase.TC001_Login" name="loginValidation1" time="15.595"/>
  <testcase classname="testCase.TC001_Login" name="loginValidation2" time="6.498"/>
  <testcase classname="testCase.TC001_Login" name="loginValidation4" time="5.695"/>
  <testcase classname="testCase.TC001_Login" name="loginValidation3" time="6.618"/>
</testsuite> <!-- testCase.TC001_Login -->
