<?xml version="1.0" encoding="UTF-8"?>
<!-- Generated by org.testng.reporters.JUnitReportReporter -->
<testsuite hostname="LT935-Ranjithas" failures="0" tests="1" name="testCase.TC002_SearchTestCase" time="22.357" errors="0" timestamp="2024-11-03T22:22:29 IST" skipped="0">
  <testcase classname="testCase.TC002_SearchTestCase" name="searchValidation1" time="22.357"/>
</testsuite> <!-- testCase.TC002_SearchTestCase -->
