<?xml version="1.0" encoding="UTF-8"?>
<!-- Generated by org.testng.reporters.JUnitReportReporter -->
<testsuite hostname="LT935-Ranjithas" failures="0" tests="4" name="testCase.TC004_LoginDDT" time="39.960" errors="0" timestamp="2024-11-06T13:38:10 IST" skipped="0">
  <testcase classname="testCase.TC004_LoginDDT" name="verify_loginDDT" time="8.964"/>
  <testcase classname="testCase.TC004_LoginDDT" name="verify_loginDDT" time="9.478"/>
  <testcase classname="testCase.TC004_LoginDDT" name="verify_loginDDT" time="9.352"/>
  <testcase classname="testCase.TC004_LoginDDT" name="verify_loginDDT" time="12.166"/>
</testsuite> <!-- testCase.TC004_LoginDDT -->
