<?xml version="1.0" encoding="UTF-8"?>
<!-- Generated by org.testng.reporters.JUnitReportReporter -->
<testsuite hostname="LT935-Ranjithas" failures="0" tests="4" name="testCase.TC001_Login" time="33.578" errors="0" timestamp="2024-11-06T12:02:51 IST" skipped="0">
  <testcase classname="testCase.TC001_Login" name="loginValidation1" time="12.929"/>
  <testcase classname="testCase.TC001_Login" name="loginValidation2" time="6.699"/>
  <testcase classname="testCase.TC001_Login" name="loginValidation3" time="7.290"/>
  <testcase classname="testCase.TC001_Login" name="loginValidation4" time="6.660"/>
</testsuite> <!-- testCase.TC001_Login -->
