<?xml version="1.0" encoding="UTF-8"?>
<!-- Generated by org.testng.reporters.JUnitReportReporter -->
<testsuite hostname="LT935-Ranjithas" failures="0" tests="1" name="testCase.TC003_ShppingAddressTestCase" time="31.240" errors="0" timestamp="2024-11-11T14:51:30 IST" skipped="0">
  <testcase classname="testCase.TC003_ShppingAddressTestCase" name="shippingValidation1" time="31.240"/>
</testsuite> <!-- testCase.TC003_ShppingAddressTestCase -->
