<?xml version="1.0" encoding="UTF-8"?>
<!-- Generated by org.testng.reporters.JUnitReportReporter -->
<testsuite hostname="LT935-Ranjithas" failures="0" tests="4" name="testCase.TC001_Login" time="25.694" errors="0" timestamp="2024-11-03T22:29:38 IST" skipped="0">
  <testcase classname="testCase.TC001_Login" name="loginValidation1" time="10.879"/>
  <testcase classname="testCase.TC001_Login" name="loginValidation2" time="4.923"/>
  <testcase classname="testCase.TC001_Login" name="loginValidation4" time="4.932"/>
  <testcase classname="testCase.TC001_Login" name="loginValidation3" time="4.960"/>
</testsuite> <!-- testCase.TC001_Login -->
